#
# There is insufficient memory for the Java Runtime Environment to continue.
# Native memory allocation (malloc) failed to allocate 981776 bytes for Chunk::new
# Possible reasons:
#   The system is out of physical RAM or swap space
#   The process is running with CompressedOops enabled, and the Java Heap may be blocking the growth of the native heap
# Possible solutions:
#   Reduce memory load on the system
#   Increase physical memory or swap space
#   Check if swap backing store is full
#   Decrease Java heap size (-Xmx/-Xms)
#   Decrease number of Java threads
#   Decrease Java thread stack sizes (-Xss)
#   Set larger code cache with -XX:ReservedCodeCacheSize=
#   JVM is running with Unscaled Compressed Oops mode in which the Java heap is
#     placed in the first 4GB address space. The Java Heap base address is the
#     maximum limit for the native heap growth. Please use -XX:HeapBaseMinAddress
#     to set the Java Heap base and to place the Java Heap above 4GB virtual address.
# This output file may be truncated or incomplete.
#
#  Out of Memory Error (./src/hotspot/share/memory/arena.cpp:197), pid=5108, tid=9276
#
# JRE version: OpenJDK Runtime Environment (11.0.8+10) (build 11.0.8+10-b944.6842174)
# Java VM: OpenJDK 64-Bit Server VM (11.0.8+10-b944.6842174, mixed mode, tiered, compressed oops, g1 gc, windows-amd64)
# No core dump will be written. Minidumps are not enabled by default on client versions of Windows
#

---------------  S U M M A R Y ------------

Command Line: --add-opens=java.base/java.util=ALL-UNNAMED --add-opens=java.base/java.lang=ALL-UNNAMED --add-opens=java.base/java.lang.invoke=ALL-UNNAMED --add-opens=java.prefs/java.util.prefs=ALL-UNNAMED -Xmx2048m -Dfile.encoding=UTF-8 -Duser.country=IN -Duser.language=en -Duser.variant org.gradle.launcher.daemon.bootstrap.GradleDaemon 6.7.1

Host: Intel(R) Core(TM) i3-7020U CPU @ 2.30GHz, 4 cores, 7G,  Windows 10 , 64 bit Build 19041 (10.0.19041.1023)
Time: Mon Jul 19 10:28:37 2021 India Standard Time elapsed time: 32 seconds (0d 0h 0m 32s)

---------------  T H R E A D  ---------------

Current thread (0x0000021f7e87a800):  JavaThread "C2 CompilerThread0" daemon [_thread_in_native, id=9276, stack(0x000000afa5d00000,0x000000afa5e00000)]


Current CompileTask:
C2:  32359 3294       4       java.lang.invoke.MethodType::makeImpl (108 bytes)

Stack: [0x000000afa5d00000,0x000000afa5e00000]
Native frames: (J=compiled Java code, j=interpreted, Vv=VM code, C=native code)
V  [jvm.dll+0x5de50a]
V  [jvm.dll+0x7122f5]
V  [jvm.dll+0x71384d]
V  [jvm.dll+0x713f03]
V  [jvm.dll+0x23e728]
V  [jvm.dll+0xb899c]
V  [jvm.dll+0xb8e9c]
V  [jvm.dll+0x35024d]
V  [jvm.dll+0x193cbc]
V  [jvm.dll+0x1f780e]
V  [jvm.dll+0x1f68d4]
V  [jvm.dll+0x17f32c]
V  [jvm.dll+0x205047]
V  [jvm.dll+0x203891]
V  [jvm.dll+0x6dad3f]
V  [jvm.dll+0x6d3895]
V  [jvm.dll+0x5dd4a6]
C  [ucrtbase.dll+0x21bb2]
C  [KERNEL32.DLL+0x17034]
C  [ntdll.dll+0x52651]


---------------  P R O C E S S  ---------------

Threads class SMR info:
_java_thread_list=0x0000021f12839aa0, length=31, elements={
0x0000021f71e9d800, 0x0000021f7e85f000, 0x0000021f7e867800, 0x0000021f7f1f2800,
0x0000021f7f1f3800, 0x0000021f7e87a800, 0x0000021f7e883000, 0x0000021f7e886000,
0x0000021f7f325000, 0x0000021f7f369800, 0x0000021f0fa69800, 0x0000021f0feca000,
0x0000021f0f427800, 0x0000021f0f7a5000, 0x0000021f0fa81000, 0x0000021f0f796000,
0x0000021f0f9a2000, 0x0000021f0f121800, 0x0000021f0f122800, 0x0000021f10922800,
0x0000021f0ffb7000, 0x0000021f0ffb5800, 0x0000021f0ffb1800, 0x0000021f0ffb8000,
0x0000021f0ffb6800, 0x0000021f0ffb5000, 0x0000021f0ffb3000, 0x0000021f0ffb2800,
0x0000021f0ffb4000, 0x0000021f7f7c4000, 0x0000021f7f7c4800
}

Java Threads: ( => current thread )
  0x0000021f71e9d800 JavaThread "main" [_thread_blocked, id=3944, stack(0x000000afa5200000,0x000000afa5300000)]
  0x0000021f7e85f000 JavaThread "Reference Handler" daemon [_thread_blocked, id=8156, stack(0x000000afa5900000,0x000000afa5a00000)]
  0x0000021f7e867800 JavaThread "Finalizer" daemon [_thread_blocked, id=2428, stack(0x000000afa5a00000,0x000000afa5b00000)]
  0x0000021f7f1f2800 JavaThread "Signal Dispatcher" daemon [_thread_blocked, id=1532, stack(0x000000afa5b00000,0x000000afa5c00000)]
  0x0000021f7f1f3800 JavaThread "Attach Listener" daemon [_thread_blocked, id=7300, stack(0x000000afa5c00000,0x000000afa5d00000)]
=>0x0000021f7e87a800 JavaThread "C2 CompilerThread0" daemon [_thread_in_native, id=9276, stack(0x000000afa5d00000,0x000000afa5e00000)]
  0x0000021f7e883000 JavaThread "C1 CompilerThread0" daemon [_thread_blocked, id=10096, stack(0x000000afa5e00000,0x000000afa5f00000)]
  0x0000021f7e886000 JavaThread "Sweeper thread" daemon [_thread_blocked, id=2580, stack(0x000000afa5f00000,0x000000afa6000000)]
  0x0000021f7f325000 JavaThread "Common-Cleaner" daemon [_thread_blocked, id=6120, stack(0x000000afa6000000,0x000000afa6100000)]
  0x0000021f7f369800 JavaThread "Service Thread" daemon [_thread_blocked, id=10200, stack(0x000000afa6100000,0x000000afa6200000)]
  0x0000021f0fa69800 JavaThread "Daemon health stats" [_thread_blocked, id=7480, stack(0x000000afa6500000,0x000000afa6600000)]
  0x0000021f0feca000 JavaThread "Incoming local TCP Connector on port 58452" [_thread_in_native, id=1280, stack(0x000000afa6800000,0x000000afa6900000)]
  0x0000021f0f427800 JavaThread "Daemon periodic checks" [_thread_blocked, id=6260, stack(0x000000afa6900000,0x000000afa6a00000)]
  0x0000021f0f7a5000 JavaThread "Daemon" [_thread_blocked, id=1324, stack(0x000000afa6a00000,0x000000afa6b00000)]
  0x0000021f0fa81000 JavaThread "Handler for socket connection from /127.0.0.1:58452 to /127.0.0.1:58453" [_thread_in_native, id=7892, stack(0x000000afa6b00000,0x000000afa6c00000)]
  0x0000021f0f796000 JavaThread "Cancel handler" [_thread_blocked, id=9244, stack(0x000000afa6c00000,0x000000afa6d00000)]
  0x0000021f0f9a2000 JavaThread "Daemon worker" [_thread_in_native, id=10064, stack(0x000000afa6d00000,0x000000afa6e00000)]
  0x0000021f0f121800 JavaThread "Asynchronous log dispatcher for DefaultDaemonConnection: socket connection from /127.0.0.1:58452 to /127.0.0.1:58453" [_thread_blocked, id=5040, stack(0x000000afa6e00000,0x000000afa6f00000)]
  0x0000021f0f122800 JavaThread "Stdin handler" [_thread_blocked, id=7040, stack(0x000000afa6f00000,0x000000afa7000000)]
  0x0000021f10922800 JavaThread "Thread-8" [_thread_blocked, id=10132, stack(0x000000afa7100000,0x000000afa7200000)]
  0x0000021f0ffb7000 JavaThread "Cache worker for file hash cache (C:\Users\welcome\.gradle\caches\6.7.1\fileHashes)" [_thread_blocked, id=9444, stack(0x000000afa7200000,0x000000afa7300000)]
  0x0000021f0ffb5800 JavaThread "File lock request listener" [_thread_in_native, id=8796, stack(0x000000afa7300000,0x000000afa7400000)]
  0x0000021f0ffb1800 JavaThread "Cache worker for journal cache (C:\Users\welcome\.gradle\caches\journal-1)" [_thread_blocked, id=8040, stack(0x000000afa7400000,0x000000afa7500000)]
  0x0000021f0ffb8000 JavaThread "Cache worker for file hash cache (D:\VideoEdit\.gradle\6.7.1\fileHashes)" [_thread_blocked, id=4700, stack(0x000000afa7500000,0x000000afa7600000)]
  0x0000021f0ffb6800 JavaThread "Cache worker for checksums cache (D:\VideoEdit\.gradle\checksums)" [_thread_blocked, id=3940, stack(0x000000afa7600000,0x000000afa7700000)]
  0x0000021f0ffb5000 JavaThread "Cache worker for cache directory md-supplier (C:\Users\welcome\.gradle\caches\6.7.1\md-supplier)" [_thread_blocked, id=8280, stack(0x000000afa7700000,0x000000afa7800000)]
  0x0000021f0ffb3000 JavaThread "Cache worker for cache directory md-rule (C:\Users\welcome\.gradle\caches\6.7.1\md-rule)" [_thread_blocked, id=3136, stack(0x000000afa7800000,0x000000afa7900000)]
  0x0000021f0ffb2800 JavaThread "Cache worker for execution history cache (C:\Users\welcome\.gradle\caches\6.7.1\executionHistory)" [_thread_blocked, id=2760, stack(0x000000afa7900000,0x000000afa7a00000)]
  0x0000021f0ffb4000 JavaThread "jar transforms" [_thread_blocked, id=7884, stack(0x000000afa7a00000,0x000000afa7b00000)]
  0x0000021f7f7c4000 JavaThread "Cache worker for file content cache (C:\Users\welcome\.gradle\caches\6.7.1\fileContent)" [_thread_blocked, id=4896, stack(0x000000afa7b00000,0x000000afa7c00000)]
  0x0000021f7f7c4800 JavaThread "Cache worker for Build Output Cleanup Cache (D:\VideoEdit\.gradle\buildOutputCleanup)" [_thread_blocked, id=9052, stack(0x000000afa4f00000,0x000000afa5000000)]

Other Threads:
  0x0000021f7e85a800 VMThread "VM Thread" [stack: 0x000000afa5800000,0x000000afa5900000] [id=5340]
  0x0000021f7f336800 WatcherThread [stack: 0x000000afa6200000,0x000000afa6300000] [id=7320]
  0x0000021f71eb6800 GCTaskThread "GC Thread#0" [stack: 0x000000afa5300000,0x000000afa5400000] [id=8660]
  0x0000021f7f93e000 GCTaskThread "GC Thread#1" [stack: 0x000000afa6300000,0x000000afa6400000] [id=2964]
  0x0000021f7f93e800 GCTaskThread "GC Thread#2" [stack: 0x000000afa6400000,0x000000afa6500000] [id=6124]
  0x0000021f0f12b800 GCTaskThread "GC Thread#3" [stack: 0x000000afa7000000,0x000000afa7100000] [id=3064]
  0x0000021f71ee7000 ConcurrentGCThread "G1 Main Marker" [stack: 0x000000afa5400000,0x000000afa5500000] [id=5864]
  0x0000021f71ee9800 ConcurrentGCThread "G1 Conc#0" [stack: 0x000000afa5500000,0x000000afa5600000] [id=7072]
  0x0000021f71f77800 ConcurrentGCThread "G1 Refine#0" [stack: 0x000000afa5600000,0x000000afa5700000] [id=6960]
  0x0000021f71f78800 ConcurrentGCThread "G1 Young RemSet Sampling" [stack: 0x000000afa5700000,0x000000afa5800000] [id=2004]

Threads with active compile tasks:
C2 CompilerThread0  33535 3294       4       java.lang.invoke.MethodType::makeImpl (108 bytes)

VM state:not at safepoint (normal execution)

VM Mutex/Monitor currently owned by a thread: None

Heap address: 0x0000000080000000, size: 2048 MB, Compressed Oops mode: 32-bit
Narrow klass base: 0x0000000000000000, Narrow klass shift: 3
Compressed class space size: 1073741824 Address: 0x0000000100000000

Heap:
 garbage-first heap   total 131072K, used 44277K [0x0000000080000000, 0x0000000100000000)
  region size 1024K, 27 young (27648K), 7 survivors (7168K)
 Metaspace       used 43356K, capacity 44291K, committed 44620K, reserved 1087488K
  class space    used 5577K, capacity 5903K, committed 6016K, reserved 1048576K
Heap Regions: E=young(eden), S=young(survivor), O=old, HS=humongous(starts), HC=humongous(continues), CS=collection set, F=free, A=archive, TAMS=top-at-mark-start (previous, next)
|   0|0x0000000080000000, 0x0000000080100000, 0x0000000080100000|100%| O|  |TAMS 0x0000000080100000, 0x0000000080000000| Untracked 
|   1|0x0000000080100000, 0x0000000080200000, 0x0000000080200000|100%| O|  |TAMS 0x0000000080200000, 0x0000000080100000| Untracked 
|   2|0x0000000080200000, 0x0000000080300000, 0x0000000080300000|100%| O|  |TAMS 0x0000000080300000, 0x0000000080200000| Untracked 
|   3|0x0000000080300000, 0x0000000080400000, 0x0000000080400000|100%|HS|  |TAMS 0x0000000080400000, 0x0000000080300000| Complete 
|   4|0x0000000080400000, 0x0000000080500000, 0x0000000080500000|100%|HC|  |TAMS 0x0000000080500000, 0x0000000080400000| Complete 
|   5|0x0000000080500000, 0x0000000080600000, 0x0000000080600000|100%|HC|  |TAMS 0x0000000080600000, 0x0000000080500000| Complete 
|   6|0x0000000080600000, 0x0000000080700000, 0x0000000080700000|100%| O|  |TAMS 0x0000000080700000, 0x0000000080600000| Untracked 
|   7|0x0000000080700000, 0x0000000080800000, 0x0000000080800000|100%| O|  |TAMS 0x0000000080800000, 0x0000000080700000| Untracked 
|   8|0x0000000080800000, 0x0000000080900000, 0x0000000080900000|100%| O|  |TAMS 0x0000000080900000, 0x0000000080800000| Untracked 
|   9|0x0000000080900000, 0x0000000080a00000, 0x0000000080a00000|100%| O|  |TAMS 0x0000000080a00000, 0x0000000080900000| Untracked 
|  10|0x0000000080a00000, 0x0000000080b00000, 0x0000000080b00000|100%| O|  |TAMS 0x0000000080b00000, 0x0000000080a00000| Untracked 
|  11|0x0000000080b00000, 0x0000000080c00000, 0x0000000080c00000|100%| O|  |TAMS 0x0000000080c00000, 0x0000000080b00000| Untracked 
|  12|0x0000000080c00000, 0x0000000080d00000, 0x0000000080d00000|100%| O|  |TAMS 0x0000000080d00000, 0x0000000080c00000| Untracked 
|  13|0x0000000080d00000, 0x0000000080e00000, 0x0000000080e00000|100%| O|  |TAMS 0x0000000080e00000, 0x0000000080d00000| Untracked 
|  14|0x0000000080e00000, 0x0000000080f00000, 0x0000000080f00000|100%| O|  |TAMS 0x0000000080ee4e00, 0x0000000080e00000| Untracked 
|  15|0x0000000080f00000, 0x0000000080f00000, 0x0000000081000000|  0%| F|  |TAMS 0x0000000080f00000, 0x0000000080f00000| Untracked 
|  16|0x0000000081000000, 0x0000000081000000, 0x0000000081100000|  0%| F|  |TAMS 0x0000000081000000, 0x0000000081000000| Untracked 
|  17|0x0000000081100000, 0x0000000081100000, 0x0000000081200000|  0%| F|  |TAMS 0x0000000081100000, 0x0000000081100000| Untracked 
|  18|0x0000000081200000, 0x0000000081200000, 0x0000000081300000|  0%| F|  |TAMS 0x0000000081200000, 0x0000000081200000| Untracked 
|  19|0x0000000081300000, 0x0000000081400000, 0x0000000081400000|100%| O|  |TAMS 0x0000000081300000, 0x0000000081300000| Untracked 
|  20|0x0000000081400000, 0x0000000081500000, 0x0000000081500000|100%| O|  |TAMS 0x0000000081400000, 0x0000000081400000| Untracked 
|  21|0x0000000081500000, 0x000000008154a200, 0x0000000081600000| 28%| O|  |TAMS 0x0000000081500000, 0x0000000081500000| Untracked 
|  22|0x0000000081600000, 0x0000000081600000, 0x0000000081700000|  0%| F|  |TAMS 0x0000000081600000, 0x0000000081600000| Untracked 
|  23|0x0000000081700000, 0x0000000081700000, 0x0000000081800000|  0%| F|  |TAMS 0x0000000081700000, 0x0000000081700000| Untracked 
|  24|0x0000000081800000, 0x0000000081800000, 0x0000000081900000|  0%| F|  |TAMS 0x0000000081800000, 0x0000000081800000| Untracked 
|  25|0x0000000081900000, 0x0000000081900000, 0x0000000081a00000|  0%| F|  |TAMS 0x0000000081900000, 0x0000000081900000| Untracked 
|  26|0x0000000081a00000, 0x0000000081a00000, 0x0000000081b00000|  0%| F|  |TAMS 0x0000000081a00000, 0x0000000081a00000| Untracked 
|  27|0x0000000081b00000, 0x0000000081b00000, 0x0000000081c00000|  0%| F|  |TAMS 0x0000000081b00000, 0x0000000081b00000| Untracked 
|  28|0x0000000081c00000, 0x0000000081c00000, 0x0000000081d00000|  0%| F|  |TAMS 0x0000000081c00000, 0x0000000081c00000| Untracked 
|  29|0x0000000081d00000, 0x0000000081d00000, 0x0000000081e00000|  0%| F|  |TAMS 0x0000000081d00000, 0x0000000081d00000| Untracked 
|  30|0x0000000081e00000, 0x0000000081e00000, 0x0000000081f00000|  0%| F|  |TAMS 0x0000000081e00000, 0x0000000081e00000| Untracked 
|  31|0x0000000081f00000, 0x0000000081f00000, 0x0000000082000000|  0%| F|  |TAMS 0x0000000081f00000, 0x0000000081f00000| Untracked 
|  32|0x0000000082000000, 0x0000000082000000, 0x0000000082100000|  0%| F|  |TAMS 0x0000000082000000, 0x0000000082000000| Untracked 
|  33|0x0000000082100000, 0x0000000082100000, 0x0000000082200000|  0%| F|  |TAMS 0x0000000082100000, 0x0000000082100000| Untracked 
|  34|0x0000000082200000, 0x0000000082200000, 0x0000000082300000|  0%| F|  |TAMS 0x0000000082200000, 0x0000000082200000| Untracked 
|  35|0x0000000082300000, 0x0000000082300000, 0x0000000082400000|  0%| F|  |TAMS 0x0000000082300000, 0x0000000082300000| Untracked 
|  36|0x0000000082400000, 0x0000000082400000, 0x0000000082500000|  0%| F|  |TAMS 0x0000000082400000, 0x0000000082400000| Untracked 
|  37|0x0000000082500000, 0x0000000082500000, 0x0000000082600000|  0%| F|  |TAMS 0x0000000082500000, 0x0000000082500000| Untracked 
|  38|0x0000000082600000, 0x0000000082600000, 0x0000000082700000|  0%| F|  |TAMS 0x0000000082600000, 0x0000000082600000| Untracked 
|  39|0x0000000082700000, 0x0000000082700000, 0x0000000082800000|  0%| F|  |TAMS 0x0000000082700000, 0x0000000082700000| Untracked 
|  40|0x0000000082800000, 0x0000000082800000, 0x0000000082900000|  0%| F|  |TAMS 0x0000000082800000, 0x0000000082800000| Untracked 
|  41|0x0000000082900000, 0x0000000082900000, 0x0000000082a00000|  0%| F|  |TAMS 0x0000000082900000, 0x0000000082900000| Untracked 
|  42|0x0000000082a00000, 0x0000000082a00000, 0x0000000082b00000|  0%| F|  |TAMS 0x0000000082a00000, 0x0000000082a00000| Untracked 
|  43|0x0000000082b00000, 0x0000000082b00000, 0x0000000082c00000|  0%| F|  |TAMS 0x0000000082b00000, 0x0000000082b00000| Untracked 
|  44|0x0000000082c00000, 0x0000000082c00000, 0x0000000082d00000|  0%| F|  |TAMS 0x0000000082c00000, 0x0000000082c00000| Untracked 
|  45|0x0000000082d00000, 0x0000000082d00000, 0x0000000082e00000|  0%| F|  |TAMS 0x0000000082d00000, 0x0000000082d00000| Untracked 
|  46|0x0000000082e00000, 0x0000000082e00000, 0x0000000082f00000|  0%| F|  |TAMS 0x0000000082e00000, 0x0000000082e00000| Untracked 
|  47|0x0000000082f00000, 0x0000000082f00000, 0x0000000083000000|  0%| F|  |TAMS 0x0000000082f00000, 0x0000000082f00000| Untracked 
|  48|0x0000000083000000, 0x00000000830f32a0, 0x0000000083100000| 94%| S|CS|TAMS 0x0000000083000000, 0x0000000083000000| Complete 
|  49|0x0000000083100000, 0x0000000083200000, 0x0000000083200000|100%| S|CS|TAMS 0x0000000083100000, 0x0000000083100000| Complete 
|  50|0x0000000083200000, 0x0000000083300000, 0x0000000083300000|100%| S|CS|TAMS 0x0000000083200000, 0x0000000083200000| Complete 
|  51|0x0000000083300000, 0x0000000083400000, 0x0000000083400000|100%| S|CS|TAMS 0x0000000083300000, 0x0000000083300000| Complete 
|  52|0x0000000083400000, 0x0000000083500000, 0x0000000083500000|100%| S|CS|TAMS 0x0000000083400000, 0x0000000083400000| Complete 
|  53|0x0000000083500000, 0x0000000083600000, 0x0000000083600000|100%| S|CS|TAMS 0x0000000083500000, 0x0000000083500000| Complete 
|  54|0x0000000083600000, 0x0000000083700000, 0x0000000083700000|100%| S|CS|TAMS 0x0000000083600000, 0x0000000083600000| Complete 
|  55|0x0000000083700000, 0x0000000083700000, 0x0000000083800000|  0%| F|  |TAMS 0x0000000083700000, 0x0000000083700000| Untracked 
|  56|0x0000000083800000, 0x0000000083800000, 0x0000000083900000|  0%| F|  |TAMS 0x0000000083800000, 0x0000000083800000| Untracked 
|  57|0x0000000083900000, 0x0000000083900000, 0x0000000083a00000|  0%| F|  |TAMS 0x0000000083900000, 0x0000000083900000| Untracked 
|  58|0x0000000083a00000, 0x0000000083a00000, 0x0000000083b00000|  0%| F|  |TAMS 0x0000000083a00000, 0x0000000083a00000| Untracked 
|  59|0x0000000083b00000, 0x0000000083b00000, 0x0000000083c00000|  0%| F|  |TAMS 0x0000000083b00000, 0x0000000083b00000| Untracked 
|  60|0x0000000083c00000, 0x0000000083c00000, 0x0000000083d00000|  0%| F|  |TAMS 0x0000000083c00000, 0x0000000083c00000| Untracked 
|  61|0x0000000083d00000, 0x0000000083d00000, 0x0000000083e00000|  0%| F|  |TAMS 0x0000000083d00000, 0x0000000083d00000| Untracked 
|  62|0x0000000083e00000, 0x0000000083e00000, 0x0000000083f00000|  0%| F|  |TAMS 0x0000000083e00000, 0x0000000083e00000| Untracked 
|  63|0x0000000083f00000, 0x0000000083f00000, 0x0000000084000000|  0%| F|  |TAMS 0x0000000083f00000, 0x0000000083f00000| Untracked 
|  64|0x0000000084000000, 0x0000000084000000, 0x0000000084100000|  0%| F|  |TAMS 0x0000000084000000, 0x0000000084000000| Untracked 
|  65|0x0000000084100000, 0x0000000084100000, 0x0000000084200000|  0%| F|  |TAMS 0x0000000084100000, 0x0000000084100000| Untracked 
|  66|0x0000000084200000, 0x0000000084200000, 0x0000000084300000|  0%| F|  |TAMS 0x0000000084200000, 0x0000000084200000| Untracked 
|  67|0x0000000084300000, 0x0000000084300000, 0x0000000084400000|  0%| F|  |TAMS 0x0000000084300000, 0x0000000084300000| Untracked 
|  68|0x0000000084400000, 0x0000000084400000, 0x0000000084500000|  0%| F|  |TAMS 0x0000000084400000, 0x0000000084400000| Untracked 
|  69|0x0000000084500000, 0x0000000084500000, 0x0000000084600000|  0%| F|  |TAMS 0x0000000084500000, 0x0000000084500000| Untracked 
|  70|0x0000000084600000, 0x0000000084600000, 0x0000000084700000|  0%| F|  |TAMS 0x0000000084600000, 0x0000000084600000| Untracked 
|  71|0x0000000084700000, 0x0000000084700000, 0x0000000084800000|  0%| F|  |TAMS 0x0000000084700000, 0x0000000084700000| Untracked 
|  72|0x0000000084800000, 0x0000000084800000, 0x0000000084900000|  0%| F|  |TAMS 0x0000000084800000, 0x0000000084800000| Untracked 
|  73|0x0000000084900000, 0x0000000084900000, 0x0000000084a00000|  0%| F|  |TAMS 0x0000000084900000, 0x0000000084900000| Untracked 
|  74|0x0000000084a00000, 0x0000000084a00000, 0x0000000084b00000|  0%| F|  |TAMS 0x0000000084a00000, 0x0000000084a00000| Untracked 
|  75|0x0000000084b00000, 0x0000000084b00000, 0x0000000084c00000|  0%| F|  |TAMS 0x0000000084b00000, 0x0000000084b00000| Untracked 
|  76|0x0000000084c00000, 0x0000000084c00000, 0x0000000084d00000|  0%| F|  |TAMS 0x0000000084c00000, 0x0000000084c00000| Untracked 
|  77|0x0000000084d00000, 0x0000000084d00000, 0x0000000084e00000|  0%| F|  |TAMS 0x0000000084d00000, 0x0000000084d00000| Untracked 
|  78|0x0000000084e00000, 0x0000000084e00000, 0x0000000084f00000|  0%| F|  |TAMS 0x0000000084e00000, 0x0000000084e00000| Untracked 
|  79|0x0000000084f00000, 0x0000000084f00000, 0x0000000085000000|  0%| F|  |TAMS 0x0000000084f00000, 0x0000000084f00000| Untracked 
|  80|0x0000000085000000, 0x0000000085000000, 0x0000000085100000|  0%| F|  |TAMS 0x0000000085000000, 0x0000000085000000| Untracked 
|  81|0x0000000085100000, 0x0000000085100000, 0x0000000085200000|  0%| F|  |TAMS 0x0000000085100000, 0x0000000085100000| Untracked 
|  82|0x0000000085200000, 0x0000000085200000, 0x0000000085300000|  0%| F|  |TAMS 0x0000000085200000, 0x0000000085200000| Untracked 
|  83|0x0000000085300000, 0x0000000085300000, 0x0000000085400000|  0%| F|  |TAMS 0x0000000085300000, 0x0000000085300000| Untracked 
|  84|0x0000000085400000, 0x0000000085400000, 0x0000000085500000|  0%| F|  |TAMS 0x0000000085400000, 0x0000000085400000| Untracked 
|  85|0x0000000085500000, 0x0000000085500000, 0x0000000085600000|  0%| F|  |TAMS 0x0000000085500000, 0x0000000085500000| Untracked 
|  86|0x0000000085600000, 0x0000000085600000, 0x0000000085700000|  0%| F|  |TAMS 0x0000000085600000, 0x0000000085600000| Untracked 
|  87|0x0000000085700000, 0x0000000085700000, 0x0000000085800000|  0%| F|  |TAMS 0x0000000085700000, 0x0000000085700000| Untracked 
|  88|0x0000000085800000, 0x0000000085800000, 0x0000000085900000|  0%| F|  |TAMS 0x0000000085800000, 0x0000000085800000| Untracked 
|  89|0x0000000085900000, 0x0000000085900000, 0x0000000085a00000|  0%| F|  |TAMS 0x0000000085900000, 0x0000000085900000| Untracked 
|  90|0x0000000085a00000, 0x0000000085a00000, 0x0000000085b00000|  0%| F|  |TAMS 0x0000000085a00000, 0x0000000085a00000| Untracked 
|  91|0x0000000085b00000, 0x0000000085b00000, 0x0000000085c00000|  0%| F|  |TAMS 0x0000000085b00000, 0x0000000085b00000| Untracked 
|  92|0x0000000085c00000, 0x0000000085c00000, 0x0000000085d00000|  0%| F|  |TAMS 0x0000000085c00000, 0x0000000085c00000| Untracked 
|  93|0x0000000085d00000, 0x0000000085d00000, 0x0000000085e00000|  0%| F|  |TAMS 0x0000000085d00000, 0x0000000085d00000| Untracked 
|  94|0x0000000085e00000, 0x0000000085e00000, 0x0000000085f00000|  0%| F|  |TAMS 0x0000000085e00000, 0x0000000085e00000| Untracked 
|  95|0x0000000085f00000, 0x0000000085f00000, 0x0000000086000000|  0%| F|  |TAMS 0x0000000085f00000, 0x0000000085f00000| Untracked 
|  96|0x0000000086000000, 0x0000000086000000, 0x0000000086100000|  0%| F|  |TAMS 0x0000000086000000, 0x0000000086000000| Untracked 
|  97|0x0000000086100000, 0x0000000086100000, 0x0000000086200000|  0%| F|  |TAMS 0x0000000086100000, 0x0000000086100000| Untracked 
|  98|0x0000000086200000, 0x0000000086200000, 0x0000000086300000|  0%| F|  |TAMS 0x0000000086200000, 0x0000000086200000| Untracked 
|  99|0x0000000086300000, 0x0000000086300000, 0x0000000086400000|  0%| F|  |TAMS 0x0000000086300000, 0x0000000086300000| Untracked 
| 100|0x0000000086400000, 0x0000000086400000, 0x0000000086500000|  0%| F|  |TAMS 0x0000000086400000, 0x0000000086400000| Untracked 
| 101|0x0000000086500000, 0x0000000086500000, 0x0000000086600000|  0%| F|  |TAMS 0x0000000086500000, 0x0000000086500000| Untracked 
| 102|0x0000000086600000, 0x0000000086600000, 0x0000000086700000|  0%| F|  |TAMS 0x0000000086600000, 0x0000000086600000| Untracked 
| 103|0x0000000086700000, 0x0000000086700000, 0x0000000086800000|  0%| F|  |TAMS 0x0000000086700000, 0x0000000086700000| Untracked 
| 104|0x0000000086800000, 0x0000000086800000, 0x0000000086900000|  0%| F|  |TAMS 0x0000000086800000, 0x0000000086800000| Untracked 
| 105|0x0000000086900000, 0x0000000086900000, 0x0000000086a00000|  0%| F|  |TAMS 0x0000000086900000, 0x0000000086900000| Untracked 
| 106|0x0000000086a00000, 0x0000000086a00000, 0x0000000086b00000|  0%| F|  |TAMS 0x0000000086a00000, 0x0000000086a00000| Untracked 
| 107|0x0000000086b00000, 0x0000000086b00000, 0x0000000086c00000|  0%| F|  |TAMS 0x0000000086b00000, 0x0000000086b00000| Untracked 
| 108|0x0000000086c00000, 0x0000000086c81010, 0x0000000086d00000| 50%| E|  |TAMS 0x0000000086c00000, 0x0000000086c00000| Complete 
| 109|0x0000000086d00000, 0x0000000086e00000, 0x0000000086e00000|100%| E|CS|TAMS 0x0000000086d00000, 0x0000000086d00000| Complete 
| 110|0x0000000086e00000, 0x0000000086f00000, 0x0000000086f00000|100%| E|CS|TAMS 0x0000000086e00000, 0x0000000086e00000| Complete 
| 111|0x0000000086f00000, 0x0000000087000000, 0x0000000087000000|100%| E|CS|TAMS 0x0000000086f00000, 0x0000000086f00000| Complete 
| 112|0x0000000087000000, 0x0000000087100000, 0x0000000087100000|100%| E|CS|TAMS 0x0000000087000000, 0x0000000087000000| Complete 
| 113|0x0000000087100000, 0x0000000087200000, 0x0000000087200000|100%| E|CS|TAMS 0x0000000087100000, 0x0000000087100000| Complete 
| 114|0x0000000087200000, 0x0000000087300000, 0x0000000087300000|100%| E|CS|TAMS 0x0000000087200000, 0x0000000087200000| Complete 
| 115|0x0000000087300000, 0x0000000087400000, 0x0000000087400000|100%| E|CS|TAMS 0x0000000087300000, 0x0000000087300000| Complete 
| 116|0x0000000087400000, 0x0000000087500000, 0x0000000087500000|100%| E|CS|TAMS 0x0000000087400000, 0x0000000087400000| Complete 
| 117|0x0000000087500000, 0x0000000087600000, 0x0000000087600000|100%| E|CS|TAMS 0x0000000087500000, 0x0000000087500000| Complete 
| 118|0x0000000087600000, 0x0000000087700000, 0x0000000087700000|100%| E|CS|TAMS 0x0000000087600000, 0x0000000087600000| Complete 
| 119|0x0000000087700000, 0x0000000087800000, 0x0000000087800000|100%| E|CS|TAMS 0x0000000087700000, 0x0000000087700000| Complete 
| 120|0x0000000087800000, 0x0000000087900000, 0x0000000087900000|100%| E|CS|TAMS 0x0000000087800000, 0x0000000087800000| Complete 
| 121|0x0000000087900000, 0x0000000087a00000, 0x0000000087a00000|100%| E|CS|TAMS 0x0000000087900000, 0x0000000087900000| Complete 
| 122|0x0000000087a00000, 0x0000000087b00000, 0x0000000087b00000|100%| E|CS|TAMS 0x0000000087a00000, 0x0000000087a00000| Complete 
| 123|0x0000000087b00000, 0x0000000087c00000, 0x0000000087c00000|100%| E|CS|TAMS 0x0000000087b00000, 0x0000000087b00000| Complete 
| 124|0x0000000087c00000, 0x0000000087d00000, 0x0000000087d00000|100%| E|CS|TAMS 0x0000000087c00000, 0x0000000087c00000| Complete 
| 125|0x0000000087d00000, 0x0000000087e00000, 0x0000000087e00000|100%| E|CS|TAMS 0x0000000087d00000, 0x0000000087d00000| Complete 
| 126|0x0000000087e00000, 0x0000000087f00000, 0x0000000087f00000|100%| E|CS|TAMS 0x0000000087e00000, 0x0000000087e00000| Complete 
| 127|0x0000000087f00000, 0x0000000088000000, 0x0000000088000000|100%| E|CS|TAMS 0x0000000087f00000, 0x0000000087f00000| Complete 

Card table byte_map: [0x0000021f77a70000,0x0000021f77e70000] _byte_map_base: 0x0000021f77670000

Marking Bits (Prev, Next): (CMBitMap*) 0x0000021f71ede168, (CMBitMap*) 0x0000021f71ede1a0
 Prev Bits: [0x0000021f78270000, 0x0000021f7a270000)
 Next Bits: [0x0000021f7a270000, 0x0000021f7c270000)

Polling page: 0x0000021f71c80000

Metaspace:

Usage:
  Non-class:     37.49 MB capacity,    36.89 MB ( 98%) used,   519.78 KB (  1%) free+waste,    89.06 KB ( <1%) overhead. 
      Class:      5.76 MB capacity,     5.45 MB ( 94%) used,   283.09 KB (  5%) free+waste,    42.81 KB ( <1%) overhead. 
       Both:     43.25 MB capacity,    42.34 MB ( 98%) used,   802.87 KB (  2%) free+waste,   131.88 KB ( <1%) overhead. 

Virtual space:
  Non-class space:       38.00 MB reserved,      37.70 MB (>99%) committed 
      Class space:        1.00 GB reserved,       5.88 MB ( <1%) committed 
             Both:        1.04 GB reserved,      43.57 MB (  4%) committed 

Chunk freelists:
   Non-Class:  24.00 KB
       Class:  17.00 KB
        Both:  41.00 KB

MaxMetaspaceSize: 17179869184.00 GB
CompressedClassSpaceSize: 1.00 GB

CodeHeap 'non-profiled nmethods': size=120064Kb used=1780Kb max_used=1780Kb free=118283Kb
 bounds [0x0000021f07ac0000, 0x0000021f07d30000, 0x0000021f0f000000]
CodeHeap 'profiled nmethods': size=120000Kb used=6676Kb max_used=6676Kb free=113323Kb
 bounds [0x0000021f00590000, 0x0000021f00c20000, 0x0000021f07ac0000]
CodeHeap 'non-nmethods': size=5696Kb used=2196Kb max_used=2227Kb free=3499Kb
 bounds [0x0000021f00000000, 0x0000021f00270000, 0x0000021f00590000]
 total_blobs=4022 nmethods=3263 adapters=669
 compilation: enabled
              stopped_count=0, restarted_count=0
 full_count=0

Compilation events (20 events):
Event: 31.791 Thread 0x0000021f7e883000 3314       2       java.lang.ref.Reference::clear (6 bytes)
Event: 31.791 Thread 0x0000021f7e883000 nmethod 3314 0x0000021f00be5610 code [0x0000021f00be57c0, 0x0000021f00be58d8]
Event: 31.791 Thread 0x0000021f7e883000 3313       3       java.lang.management.ManagementFactory::lambda$getPlatformMXBeans$3 (13 bytes)
Event: 31.792 Thread 0x0000021f7e883000 nmethod 3313 0x0000021f00be5990 code [0x0000021f00be5b60, 0x0000021f00be5db8]
Event: 31.792 Thread 0x0000021f7e883000 3315       3       com.google.common.collect.ImmutableCollection$ArrayBasedBuilder::getReadyToExpandTo (64 bytes)
Event: 31.793 Thread 0x0000021f7e883000 nmethod 3315 0x0000021f00be5e90 code [0x0000021f00be6080, 0x0000021f00be6588]
Event: 31.882 Thread 0x0000021f7e883000 3317       3       java.lang.invoke.DirectMethodHandle::make (21 bytes)
Event: 31.882 Thread 0x0000021f7e883000 nmethod 3317 0x0000021f00be6710 code [0x0000021f00be68e0, 0x0000021f00be6ac8]
Event: 31.957 Thread 0x0000021f7e883000 3321       3       jdk.internal.misc.VM::initLevel (4 bytes)
Event: 31.957 Thread 0x0000021f7e883000 nmethod 3321 0x0000021f006e1690 code [0x0000021f006e1840, 0x0000021f006e1938]
Event: 32.001 Thread 0x0000021f7e883000 3322       3       jdk.internal.misc.Unsafe::ensureClassInitialized (18 bytes)
Event: 32.001 Thread 0x0000021f7e883000 nmethod 3322 0x0000021f00be6c10 code [0x0000021f00be6de0, 0x0000021f00be6ff8]
Event: 32.074 Thread 0x0000021f7e883000 3323       3       java.lang.Long::valueOf (40 bytes)
Event: 32.075 Thread 0x0000021f7e883000 nmethod 3323 0x0000021f00be7110 code [0x0000021f00be72e0, 0x0000021f00be7618]
Event: 32.076 Thread 0x0000021f7e883000 3324       3       com.google.common.cache.LocalCache::usesWriteQueue (5 bytes)
Event: 32.076 Thread 0x0000021f7e883000 nmethod 3324 0x0000021f00be7790 code [0x0000021f00be7940, 0x0000021f00be7b18]
Event: 32.077 Thread 0x0000021f7e87a800 nmethod 3291 0x0000021f07c69010 code [0x0000021f07c69600, 0x0000021f07c6ef50]
Event: 32.078 Thread 0x0000021f7e87a800 3301       4       java.util.HashMap::getNode (148 bytes)
Event: 32.082 Thread 0x0000021f7e87a800 nmethod 3301 0x0000021f07c71710 code [0x0000021f07c718c0, 0x0000021f07c71ab8]
Event: 32.082 Thread 0x0000021f7e87a800 3294       4       java.lang.invoke.MethodType::makeImpl (108 bytes)

GC Heap History (16 events):
Event: 1.318 GC heap before
{Heap before GC invocations=0 (full 0):
 garbage-first heap   total 131072K, used 19456K [0x0000000080000000, 0x0000000100000000)
  region size 1024K, 14 young (14336K), 0 survivors (0K)
 Metaspace       used 7455K, capacity 7615K, committed 7680K, reserved 1056768K
  class space    used 683K, capacity 748K, committed 768K, reserved 1048576K
}
Event: 1.333 GC heap after
{Heap after GC invocations=1 (full 0):
 garbage-first heap   total 131072K, used 7960K [0x0000000080000000, 0x0000000100000000)
  region size 1024K, 2 young (2048K), 2 survivors (2048K)
 Metaspace       used 7455K, capacity 7615K, committed 7680K, reserved 1056768K
  class space    used 683K, capacity 748K, committed 768K, reserved 1048576K
}
Event: 3.814 GC heap before
{Heap before GC invocations=1 (full 0):
 garbage-first heap   total 131072K, used 19224K [0x0000000080000000, 0x0000000100000000)
  region size 1024K, 13 young (13312K), 2 survivors (2048K)
 Metaspace       used 10815K, capacity 11021K, committed 11264K, reserved 1058816K
  class space    used 1145K, capacity 1203K, committed 1280K, reserved 1048576K
}
Event: 3.819 GC heap after
{Heap after GC invocations=2 (full 0):
 garbage-first heap   total 131072K, used 8721K [0x0000000080000000, 0x0000000100000000)
  region size 1024K, 1 young (1024K), 1 survivors (1024K)
 Metaspace       used 10815K, capacity 11021K, committed 11264K, reserved 1058816K
  class space    used 1145K, capacity 1203K, committed 1280K, reserved 1048576K
}
Event: 4.673 GC heap before
{Heap before GC invocations=2 (full 0):
 garbage-first heap   total 131072K, used 34321K [0x0000000080000000, 0x0000000100000000)
  region size 1024K, 27 young (27648K), 1 survivors (1024K)
 Metaspace       used 10971K, capacity 11150K, committed 11264K, reserved 1058816K
  class space    used 1145K, capacity 1203K, committed 1280K, reserved 1048576K
}
Event: 4.683 GC heap after
{Heap after GC invocations=3 (full 0):
 garbage-first heap   total 131072K, used 12068K [0x0000000080000000, 0x0000000100000000)
  region size 1024K, 4 young (4096K), 4 survivors (4096K)
 Metaspace       used 10971K, capacity 11150K, committed 11264K, reserved 1058816K
  class space    used 1145K, capacity 1203K, committed 1280K, reserved 1048576K
}
Event: 11.047 GC heap before
{Heap before GC invocations=3 (full 0):
 garbage-first heap   total 131072K, used 50980K [0x0000000080000000, 0x0000000100000000)
  region size 1024K, 42 young (43008K), 4 survivors (4096K)
 Metaspace       used 18120K, capacity 18534K, committed 18688K, reserved 1064960K
  class space    used 2163K, capacity 2294K, committed 2304K, reserved 1048576K
}
Event: 11.057 GC heap after
{Heap after GC invocations=4 (full 0):
 garbage-first heap   total 131072K, used 15505K [0x0000000080000000, 0x0000000100000000)
  region size 1024K, 4 young (4096K), 4 survivors (4096K)
 Metaspace       used 18120K, capacity 18534K, committed 18688K, reserved 1064960K
  class space    used 2163K, capacity 2294K, committed 2304K, reserved 1048576K
}
Event: 13.123 GC heap before
{Heap before GC invocations=4 (full 0):
 garbage-first heap   total 131072K, used 32913K [0x0000000080000000, 0x0000000100000000)
  region size 1024K, 22 young (22528K), 4 survivors (4096K)
 Metaspace       used 20609K, capacity 21115K, committed 21248K, reserved 1067008K
  class space    used 2528K, capacity 2712K, committed 2816K, reserved 1048576K
}
Event: 13.131 GC heap after
{Heap after GC invocations=5 (full 0):
 garbage-first heap   total 131072K, used 16167K [0x0000000080000000, 0x0000000100000000)
  region size 1024K, 5 young (5120K), 5 survivors (5120K)
 Metaspace       used 20609K, capacity 21115K, committed 21248K, reserved 1067008K
  class space    used 2528K, capacity 2712K, committed 2816K, reserved 1048576K
}
Event: 20.171 GC heap before
{Heap before GC invocations=6 (full 0):
 garbage-first heap   total 131072K, used 65319K [0x0000000080000000, 0x0000000100000000)
  region size 1024K, 54 young (55296K), 5 survivors (5120K)
 Metaspace       used 26274K, capacity 26873K, committed 27008K, reserved 1073152K
  class space    used 3431K, capacity 3634K, committed 3712K, reserved 1048576K
}
Event: 20.182 GC heap after
{Heap after GC invocations=7 (full 0):
 garbage-first heap   total 131072K, used 18114K [0x0000000080000000, 0x0000000100000000)
  region size 1024K, 3 young (3072K), 3 survivors (3072K)
 Metaspace       used 26274K, capacity 26873K, committed 27008K, reserved 1073152K
  class space    used 3431K, capacity 3634K, committed 3712K, reserved 1048576K
}
Event: 25.942 GC heap before
{Heap before GC invocations=7 (full 0):
 garbage-first heap   total 131072K, used 67266K [0x0000000080000000, 0x0000000100000000)
  region size 1024K, 52 young (53248K), 3 survivors (3072K)
 Metaspace       used 35104K, capacity 35829K, committed 35840K, reserved 1081344K
  class space    used 4561K, capacity 4854K, committed 4864K, reserved 1048576K
}
Event: 25.959 GC heap after
{Heap after GC invocations=8 (full 0):
 garbage-first heap   total 131072K, used 21168K [0x0000000080000000, 0x0000000100000000)
  region size 1024K, 6 young (6144K), 6 survivors (6144K)
 Metaspace       used 35104K, capacity 35829K, committed 35840K, reserved 1081344K
  class space    used 4561K, capacity 4854K, committed 4864K, reserved 1048576K
}
Event: 31.347 GC heap before
{Heap before GC invocations=9 (full 0):
 garbage-first heap   total 131072K, used 92848K [0x0000000080000000, 0x0000000100000000)
  region size 1024K, 73 young (74752K), 6 survivors (6144K)
 Metaspace       used 41582K, capacity 42436K, committed 42572K, reserved 1085440K
  class space    used 5339K, capacity 5642K, committed 5760K, reserved 1048576K
}
Event: 31.366 GC heap after
{Heap after GC invocations=10 (full 0):
 garbage-first heap   total 131072K, used 24821K [0x0000000080000000, 0x0000000100000000)
  region size 1024K, 7 young (7168K), 7 survivors (7168K)
 Metaspace       used 41582K, capacity 42436K, committed 42572K, reserved 1085440K
  class space    used 5339K, capacity 5642K, committed 5760K, reserved 1048576K
}

Deoptimization events (20 events):
Event: 28.412 Thread 0x0000021f0f9a2000 DEOPT PACKING pc=0x0000021f07bd8508 sp=0x000000afa6df97f0
Event: 28.412 Thread 0x0000021f0f9a2000 DEOPT UNPACKING pc=0x0000021f000274af sp=0x000000afa6df9788 mode 2
Event: 30.701 Thread 0x0000021f0f9a2000 Uncommon trap: trap_request=0xffffff4d fr.pc=0x0000021f07b26a0c relative=0x00000000000001cc
Event: 30.701 Thread 0x0000021f0f9a2000 Uncommon trap: reason=unstable_if action=reinterpret pc=0x0000021f07b26a0c method=java.net.URI$Parser.scan(IILjava/lang/String;)I @ 26 c2
Event: 30.701 Thread 0x0000021f0f9a2000 DEOPT PACKING pc=0x0000021f07b26a0c sp=0x000000afa6df95c0
Event: 30.701 Thread 0x0000021f0f9a2000 DEOPT UNPACKING pc=0x0000021f000274af sp=0x000000afa6df9550 mode 2
Event: 30.701 Thread 0x0000021f0f9a2000 Uncommon trap: trap_request=0xffffff4d fr.pc=0x0000021f07b09cdc relative=0x000000000000011c
Event: 30.701 Thread 0x0000021f0f9a2000 Uncommon trap: reason=unstable_if action=reinterpret pc=0x0000021f07b09cdc method=java.net.URI.match(CJJ)Z @ 45 c2
Event: 30.701 Thread 0x0000021f0f9a2000 DEOPT PACKING pc=0x0000021f07b09cdc sp=0x000000afa6df9330
Event: 30.701 Thread 0x0000021f0f9a2000 DEOPT UNPACKING pc=0x0000021f000274af sp=0x000000afa6df9268 mode 2
Event: 30.701 Thread 0x0000021f0f9a2000 Uncommon trap: trap_request=0xffffff4d fr.pc=0x0000021f07adafe8 relative=0x0000000000000048
Event: 30.701 Thread 0x0000021f0f9a2000 Uncommon trap: reason=unstable_if action=reinterpret pc=0x0000021f07adafe8 method=java.net.URI.match(CJJ)Z @ 19 c2
Event: 30.701 Thread 0x0000021f0f9a2000 DEOPT PACKING pc=0x0000021f07adafe8 sp=0x000000afa6df9340
Event: 30.701 Thread 0x0000021f0f9a2000 DEOPT UNPACKING pc=0x0000021f000274af sp=0x000000afa6df92f0 mode 2
Event: 31.494 Thread 0x0000021f0f9a2000 DEOPT PACKING pc=0x0000021f007c3b62 sp=0x000000afa6df39d0
Event: 31.494 Thread 0x0000021f0f9a2000 DEOPT UNPACKING pc=0x0000021f000272ce sp=0x000000afa6df2e60 mode 0
Event: 31.686 Thread 0x0000021f0f9a2000 Uncommon trap: trap_request=0xffffff4d fr.pc=0x0000021f07c34018 relative=0x0000000000003b38
Event: 31.686 Thread 0x0000021f0f9a2000 Uncommon trap: reason=unstable_if action=reinterpret pc=0x0000021f07c34018 method=jdk.internal.org.objectweb.asm.Frame.execute(IILjdk/internal/org/objectweb/asm/ClassWriter;Ljdk/internal/org/objectweb/asm/Item;)V @ 1 c2
Event: 31.686 Thread 0x0000021f0f9a2000 DEOPT PACKING pc=0x0000021f07c34018 sp=0x000000afa6df8040
Event: 31.686 Thread 0x0000021f0f9a2000 DEOPT UNPACKING pc=0x0000021f000274af sp=0x000000afa6df8008 mode 2

Classes redefined (0 events):
No events

Internal exceptions (20 events):
Event: 30.237 Thread 0x0000021f0f9a2000 Exception <a 'java/lang/ClassNotFoundException'{0x0000000085373a88}: org/gradle/api/internal/DefaultNamedDomainObjectListCustomizer> (0x0000000085373a88) thrown at [./src/hotspot/share/classfile/systemDictionary.cpp, line 231]
Event: 30.240 Thread 0x0000021f0f9a2000 Exception <a 'java/lang/ClassNotFoundException'{0x00000000853bfcb8}: org/gradle/api/internal/artifacts/DefaultArtifactRepositoryContainerCustomizer> (0x00000000853bfcb8) thrown at [./src/hotspot/share/classfile/systemDictionary.cpp, line 231]
Event: 30.243 Thread 0x0000021f0f9a2000 Exception <a 'java/lang/ClassNotFoundException'{0x0000000085201ce8}: org/gradle/api/internal/artifacts/dsl/DefaultRepositoryHandlerCustomizer> (0x0000000085201ce8) thrown at [./src/hotspot/share/classfile/systemDictionary.cpp, line 231]
Event: 30.246 Thread 0x0000021f0f9a2000 Exception <a 'java/lang/ClassNotFoundException'{0x0000000085254e80}: org/gradle/api/internal/artifacts/dsl/DefaultRepositoryHandler_DecoratedCustomizer> (0x0000000085254e80) thrown at [./src/hotspot/share/classfile/systemDictionary.cpp, line 231]
Event: 30.351 Thread 0x0000021f0f9a2000 Exception <a 'java/lang/NoSuchMethodError'{0x0000000084fd3160}: 'int java.lang.invoke.DirectMethodHandle$Holder.invokeStaticInit(java.lang.Object, java.lang.Object, java.lang.Object, java.lang.Object)'> (0x0000000084fd3160) thrown at [./src/hotspot/share/interpreter/linkResolver.cpp, line 773]
Event: 30.624 Thread 0x0000021f0f9a2000 Exception <a 'java/lang/ClassNotFoundException'{0x00000000842967f0}: org/gradle/api/internal/artifacts/dsl/dependencies/DefaultDependencyHandler_DecoratedBeanInfo> (0x00000000842967f0) thrown at [./src/hotspot/share/classfile/systemDictionary.cpp, line 231]
Event: 30.640 Thread 0x0000021f0f9a2000 Exception <a 'java/lang/ClassNotFoundException'{0x00000000842cb5e0}: org/gradle/api/internal/artifacts/dsl/dependencies/DefaultDependencyHandlerBeanInfo> (0x00000000842cb5e0) thrown at [./src/hotspot/share/classfile/systemDictionary.cpp, line 231]
Event: 30.642 Thread 0x0000021f0f9a2000 Exception <a 'java/lang/ClassNotFoundException'{0x0000000084100f20}: org/gradle/api/internal/artifacts/dsl/dependencies/DefaultDependencyHandlerCustomizer> (0x0000000084100f20) thrown at [./src/hotspot/share/classfile/systemDictionary.cpp, line 231]
Event: 30.647 Thread 0x0000021f0f9a2000 Exception <a 'java/lang/ClassNotFoundException'{0x0000000084154d80}: org/gradle/api/internal/artifacts/dsl/dependencies/DefaultDependencyHandler_DecoratedCustomizer> (0x0000000084154d80) thrown at [./src/hotspot/share/classfile/systemDictionary.cpp, line 231]
Event: 31.685 Thread 0x0000021f0f9a2000 Exception <a 'java/lang/NoSuchMethodError'{0x0000000087a37e08}: 'java.lang.Object java.lang.invoke.DelegatingMethodHandle$Holder.reinvoke_L(java.lang.Object, java.lang.Object, java.lang.Object, java.lang.Object, java.lang.Object, java.lang.Object, java.lang.Object, java.lang.Object, java.lang.Object, java.lang.Object, java.lang.Object, java.lang.Object, java.lang.Object, java.lang.Object, java.lang.Object, java.lang.Object, java.lang.Object)'> (0x0000000087a37e08) thrown at [./src/hotspot/share/interpreter
Event: 31.685 Thread 0x0000021f0f9a2000 Exception <a 'java/lang/NoSuchMethodError'{0x0000000087a42758}: 'java.lang.Object java.lang.invoke.Invokers$Holder.invoker(java.lang.Object, java.lang.Object, java.lang.Object, java.lang.Object, java.lang.Object, java.lang.Object, java.lang.Object, java.lang.Object, java.lang.Object, java.lang.Object, java.lang.Object, java.lang.Object, java.lang.Object, java.lang.Object, java.lang.Object, java.lang.Object, java.lang.Object)'> (0x0000000087a42758) thrown at [./src/hotspot/share/interpreter/linkResolver.cpp
Event: 31.686 Thread 0x0000021f0f9a2000 Exception <a 'java/lang/NoSuchMethodError'{0x0000000087a49060}: 'java.lang.Object java.lang.invoke.DelegatingMethodHandle$Holder.delegate(java.lang.Object, java.lang.Object, java.lang.Object, java.lang.Object, java.lang.Object, java.lang.Object, java.lang.Object, java.lang.Object, java.lang.Object, java.lang.Object, java.lang.Object, java.lang.Object, java.lang.Object, java.lang.Object, java.lang.Object, java.lang.Object, java.lang.Object)'> (0x0000000087a49060) thrown at [./src/hotspot/share/interpreter/l
Event: 31.694 Thread 0x0000021f0f9a2000 Exception <a 'java/lang/NoSuchMethodError'{0x0000000087ab2ef0}: 'java.lang.Object java.lang.invoke.DirectMethodHandle$Holder.invokeStatic(java.lang.Object, java.lang.Object, java.lang.Object, java.lang.Object, java.lang.Object, java.lang.Object, java.lang.Object, java.lang.Object, java.lang.Object, java.lang.Object, java.lang.Object, java.lang.Object, java.lang.Object, java.lang.Object, java.lang.Object)'> (0x0000000087ab2ef0) thrown at [./src/hotspot/share/interpreter/linkResolver.cpp, line 773]
Event: 31.696 Thread 0x0000021f0f9a2000 Exception <a 'java/lang/NoSuchMethodError'{0x0000000087ac23a0}: 'java.lang.Object java.lang.invoke.DirectMethodHandle$Holder.invokeStatic(java.lang.Object, java.lang.Object, java.lang.Object, java.lang.Object, java.lang.Object, java.lang.Object, java.lang.Object, java.lang.Object, java.lang.Object, java.lang.Object, java.lang.Object, java.lang.Object, java.lang.Object, java.lang.Object, java.lang.Object, java.lang.Object)'> (0x0000000087ac23a0) thrown at [./src/hotspot/share/interpreter/linkResolver.cpp, l
Event: 31.699 Thread 0x0000021f0f9a2000 Exception <a 'java/lang/NoSuchMethodError'{0x0000000087ad1550}: 'java.lang.Object java.lang.invoke.DelegatingMethodHandle$Holder.reinvoke_L(java.lang.Object, java.lang.Object, java.lang.Object, java.lang.Object, java.lang.Object, java.lang.Object, java.lang.Object, java.lang.Object, java.lang.Object, java.lang.Object, java.lang.Object, java.lang.Object, java.lang.Object, java.lang.Object, java.lang.Object, java.lang.Object)'> (0x0000000087ad1550) thrown at [./src/hotspot/share/interpreter/linkResolver.cpp,
Event: 31.882 Thread 0x0000021f0f9a2000 Exception <a 'java/lang/NoSuchMethodError'{0x00000000877d0380}: 'java.lang.Object java.lang.invoke.DirectMethodHandle$Holder.invokeStatic(java.lang.Object, java.lang.Object, java.lang.Object, int)'> (0x00000000877d0380) thrown at [./src/hotspot/share/interpreter/linkResolver.cpp, line 773]
Event: 31.882 Thread 0x0000021f0f9a2000 Exception <a 'java/lang/NoSuchMethodError'{0x00000000877d4c40}: 'java.lang.Object java.lang.invoke.DirectMethodHandle$Holder.invokeSpecial(java.lang.Object, java.lang.Object, java.lang.Object, java.lang.Object, int)'> (0x00000000877d4c40) thrown at [./src/hotspot/share/interpreter/linkResolver.cpp, line 773]
Event: 31.883 Thread 0x0000021f0f9a2000 Exception <a 'java/lang/NoSuchMethodError'{0x00000000877d8e20}: 'java.lang.Object java.lang.invoke.Invokers$Holder.linkToTargetMethod(java.lang.Object, java.lang.Object, int, java.lang.Object)'> (0x00000000877d8e20) thrown at [./src/hotspot/share/interpreter/linkResolver.cpp, line 773]
Event: 31.888 Thread 0x0000021f0f9a2000 Exception <a 'java/lang/NoSuchMethodError'{0x0000000087637da0}: 'int java.lang.invoke.DirectMethodHandle$Holder.invokeInterface(java.lang.Object, java.lang.Object)'> (0x0000000087637da0) thrown at [./src/hotspot/share/interpreter/linkResolver.cpp, line 773]
Event: 31.889 Thread 0x0000021f0f9a2000 Exception <a 'java/lang/IncompatibleClassChangeError'{0x000000008763b880}: Found class java.lang.Object, but interface was expected> (0x000000008763b880) thrown at [./src/hotspot/share/interpreter/linkResolver.cpp, line 839]

Events (20 events):
Event: 32.075 loading class org/gradle/api/internal/artifacts/ivyservice/WritableArtifactCacheLockingManager$CacheLockingPersistentCache
Event: 32.075 loading class org/gradle/api/internal/artifacts/ivyservice/WritableArtifactCacheLockingManager$CacheLockingPersistentCache done
Event: 32.283 loading class org/gradle/api/internal/artifacts/repositories/resolver/MavenUniqueSnapshotComponentIdentifier
Event: 32.283 loading class org/gradle/api/internal/artifacts/repositories/resolver/MavenUniqueSnapshotComponentIdentifier done
Event: 32.284 loading class org/gradle/api/internal/artifacts/ivyservice/resolveengine/result/ComponentIdentifierSerializer$Implementation
Event: 32.284 loading class org/gradle/api/internal/artifacts/ivyservice/resolveengine/result/ComponentIdentifierSerializer$Implementation done
Event: 32.336 loading class org/gradle/internal/resource/local/DefaultLocallyAvailableResource
Event: 32.336 loading class org/gradle/internal/resource/local/DefaultLocallyAvailableResource done
Event: 32.336 loading class org/gradle/internal/resource/local/AbstractLocallyAvailableResource
Event: 32.336 loading class org/gradle/internal/resource/local/AbstractLocallyAvailableResource done
Event: 32.337 loading class org/gradle/internal/hash/ChecksumService
Event: 32.337 loading class org/gradle/internal/hash/ChecksumService done
Event: 32.337 loading class org/gradle/internal/hash/HashCode
Event: 32.337 loading class org/gradle/internal/hash/HashCode done
Event: 32.337 loading class org/gradle/internal/hash/ChecksumService
Event: 32.337 loading class org/gradle/internal/hash/ChecksumService done
Event: 32.337 loading class org/gradle/api/internal/artifacts/ivyservice/modulecache/StringDeduplicatingDecoder
Event: 32.337 loading class org/gradle/api/internal/artifacts/ivyservice/modulecache/StringDeduplicatingDecoder done
Event: 32.338 loading class org/gradle/api/internal/artifacts/ivyservice/modulecache/ModuleMetadataSerializer$Reader
Event: 32.338 loading class org/gradle/api/internal/artifacts/ivyservice/modulecache/ModuleMetadataSerializer$Reader done


Dynamic libraries:
0x00007ff7c1fc0000 - 0x00007ff7c1fca000 	C:\Program Files\Android\Android Studio\jre\bin\java.exe
0x00007ff9e36b0000 - 0x00007ff9e38a5000 	C:\WINDOWS\SYSTEM32\ntdll.dll
0x00007ff9e2410000 - 0x00007ff9e24cd000 	C:\WINDOWS\System32\KERNEL32.DLL
0x00007ff9e1240000 - 0x00007ff9e1509000 	C:\WINDOWS\System32\KERNELBASE.dll
0x00007ff9e1510000 - 0x00007ff9e1610000 	C:\WINDOWS\System32\ucrtbase.dll
0x00007ff9dbdd0000 - 0x00007ff9dbde9000 	C:\Program Files\Android\Android Studio\jre\bin\jli.dll
0x00007ff9dbdf0000 - 0x00007ff9dbe07000 	C:\Program Files\Android\Android Studio\jre\bin\VCRUNTIME140.dll
0x00007ff9e2a60000 - 0x00007ff9e2c00000 	C:\WINDOWS\System32\USER32.dll
0x00007ff9e0df0000 - 0x00007ff9e0e12000 	C:\WINDOWS\System32\win32u.dll
0x00007ff9c2d50000 - 0x00007ff9c2fea000 	C:\WINDOWS\WinSxS\amd64_microsoft.windows.common-controls_6595b64144ccf1df_6.0.19041.1110_none_60b5254171f9507e\COMCTL32.dll
0x00007ff9e1bb0000 - 0x00007ff9e1bda000 	C:\WINDOWS\System32\GDI32.dll
0x00007ff9e3090000 - 0x00007ff9e312e000 	C:\WINDOWS\System32\msvcrt.dll
0x00007ff9e1610000 - 0x00007ff9e171b000 	C:\WINDOWS\System32\gdi32full.dll
0x00007ff9e10f0000 - 0x00007ff9e118d000 	C:\WINDOWS\System32\msvcp_win.dll
0x00007ff9e2c00000 - 0x00007ff9e2c30000 	C:\WINDOWS\System32\IMM32.DLL
0x00007ff9bdbc0000 - 0x00007ff9bdc5d000 	C:\Program Files\Android\Android Studio\jre\bin\msvcp140.dll
0x00007ff998580000 - 0x00007ff99903c000 	C:\Program Files\Android\Android Studio\jre\bin\server\jvm.dll
0x00007ff9e19a0000 - 0x00007ff9e1a4c000 	C:\WINDOWS\System32\ADVAPI32.dll
0x00007ff9e2c30000 - 0x00007ff9e2ccb000 	C:\WINDOWS\System32\sechost.dll
0x00007ff9e33b0000 - 0x00007ff9e34da000 	C:\WINDOWS\System32\RPCRT4.dll
0x00007ff9e3130000 - 0x00007ff9e3138000 	C:\WINDOWS\System32\PSAPI.DLL
0x00007ff9d8dc0000 - 0x00007ff9d8dc9000 	C:\WINDOWS\SYSTEM32\WSOCK32.dll
0x00007ff9cab00000 - 0x00007ff9cab27000 	C:\WINDOWS\SYSTEM32\WINMM.dll
0x00007ff9d5d60000 - 0x00007ff9d5d6a000 	C:\WINDOWS\SYSTEM32\VERSION.dll
0x00007ff9e23a0000 - 0x00007ff9e240b000 	C:\WINDOWS\System32\WS2_32.dll
0x00007ff9dedb0000 - 0x00007ff9dedc2000 	C:\WINDOWS\SYSTEM32\kernel.appcore.dll
0x00007ff9bcc70000 - 0x00007ff9bcc81000 	C:\Program Files\Android\Android Studio\jre\bin\verify.dll
0x00007ff9deae0000 - 0x00007ff9decc4000 	C:\WINDOWS\SYSTEM32\DBGHELP.DLL
0x00007ff9c9bf0000 - 0x00007ff9c9c1c000 	C:\WINDOWS\SYSTEM32\dbgcore.DLL
0x00007ff9e0e20000 - 0x00007ff9e0ea3000 	C:\WINDOWS\System32\bcryptPrimitives.dll
0x00007ff9b97d0000 - 0x00007ff9b97f9000 	C:\Program Files\Android\Android Studio\jre\bin\java.dll
0x00007ff9d1150000 - 0x00007ff9d115b000 	C:\Program Files\Android\Android Studio\jre\bin\jimage.dll
0x00007ff9b9590000 - 0x00007ff9b95a8000 	C:\Program Files\Android\Android Studio\jre\bin\zip.dll
0x00007ff9e1c60000 - 0x00007ff9e239f000 	C:\WINDOWS\System32\SHELL32.dll
0x00007ff9def20000 - 0x00007ff9df6b1000 	C:\WINDOWS\SYSTEM32\windows.storage.dll
0x00007ff9e2d30000 - 0x00007ff9e3085000 	C:\WINDOWS\System32\combase.dll
0x00007ff9e07f0000 - 0x00007ff9e081c000 	C:\WINDOWS\SYSTEM32\Wldp.dll
0x00007ff9e32f0000 - 0x00007ff9e339e000 	C:\WINDOWS\System32\SHCORE.dll
0x00007ff9e1c00000 - 0x00007ff9e1c55000 	C:\WINDOWS\System32\shlwapi.dll
0x00007ff9e0d30000 - 0x00007ff9e0d4f000 	C:\WINDOWS\SYSTEM32\profapi.dll
0x00007ff9b7700000 - 0x00007ff9b771a000 	C:\Program Files\Android\Android Studio\jre\bin\net.dll
0x00007ff9d21e0000 - 0x00007ff9d22ea000 	C:\WINDOWS\SYSTEM32\WINHTTP.dll
0x00007ff9e0550000 - 0x00007ff9e05ba000 	C:\WINDOWS\system32\mswsock.dll
0x00007ff9b6e60000 - 0x00007ff9b6e74000 	C:\Program Files\Android\Android Studio\jre\bin\nio.dll
0x00007ff9af140000 - 0x00007ff9af167000 	C:\Users\welcome\.gradle\native\fdc75f09e3144964f2cf3f50f0aa648679c211496f362492102eb8c894070792\windows-amd64\native-platform.dll
0x00007ff994200000 - 0x00007ff994396000 	C:\Users\welcome\.gradle\native\12488b8bf47d2d4c9fbf2f6322a914ad602e24e48041cd04a747c6da556b65c4\windows-amd64\native-platform-file-events.dll
0x00007ff9d0560000 - 0x00007ff9d056a000 	C:\Program Files\Android\Android Studio\jre\bin\management.dll
0x00007ff9d04f0000 - 0x00007ff9d04fc000 	C:\Program Files\Android\Android Studio\jre\bin\management_ext.dll
0x00007ff9e0730000 - 0x00007ff9e0748000 	C:\WINDOWS\SYSTEM32\CRYPTSP.dll
0x00007ff9dfef0000 - 0x00007ff9dff24000 	C:\WINDOWS\system32\rsaenh.dll
0x00007ff9e0eb0000 - 0x00007ff9e0ed7000 	C:\WINDOWS\System32\bcrypt.dll
0x00007ff9e0cf0000 - 0x00007ff9e0d1e000 	C:\WINDOWS\SYSTEM32\USERENV.dll
0x00007ff9e0750000 - 0x00007ff9e075c000 	C:\WINDOWS\SYSTEM32\CRYPTBASE.dll
0x00007ff9e0240000 - 0x00007ff9e027b000 	C:\WINDOWS\SYSTEM32\IPHLPAPI.DLL
0x00007ff9e1ad0000 - 0x00007ff9e1ad8000 	C:\WINDOWS\System32\NSI.dll
0x00007ff9d2d40000 - 0x00007ff9d2d57000 	C:\WINDOWS\SYSTEM32\dhcpcsvc6.DLL
0x00007ff9d2d20000 - 0x00007ff9d2d3d000 	C:\WINDOWS\SYSTEM32\dhcpcsvc.DLL
0x00007ff9e0280000 - 0x00007ff9e034c000 	C:\WINDOWS\SYSTEM32\DNSAPI.dll
0x00007ff9d2f30000 - 0x00007ff9d2f3b000 	C:\WINDOWS\SYSTEM32\WINNSI.DLL

dbghelp: loaded successfully - version: 4.0.5 - missing functions: none
symbol engine: initialized successfully - sym options: 0x614 - pdb path: .;C:\Program Files\Android\Android Studio\jre\bin;C:\WINDOWS\SYSTEM32;C:\WINDOWS\WinSxS\amd64_microsoft.windows.common-controls_6595b64144ccf1df_6.0.19041.1110_none_60b5254171f9507e;C:\Program Files\Android\Android Studio\jre\bin\server;C:\Users\welcome\.gradle\native\fdc75f09e3144964f2cf3f50f0aa648679c211496f362492102eb8c894070792\windows-amd64;C:\Users\welcome\.gradle\native\12488b8bf47d2d4c9fbf2f6322a914ad602e24e48041cd04a747c6da556b65c4\windows-amd64

VM Arguments:
jvm_args: --add-opens=java.base/java.util=ALL-UNNAMED --add-opens=java.base/java.lang=ALL-UNNAMED --add-opens=java.base/java.lang.invoke=ALL-UNNAMED --add-opens=java.prefs/java.util.prefs=ALL-UNNAMED -Xmx2048m -Dfile.encoding=UTF-8 -Duser.country=IN -Duser.language=en -Duser.variant 
java_command: org.gradle.launcher.daemon.bootstrap.GradleDaemon 6.7.1
java_class_path (initial): C:\Users\welcome\.gradle\wrapper\dists\gradle-6.7.1-bin\bwlcbys1h7rz3272sye1xwiv6\gradle-6.7.1\lib\gradle-launcher-6.7.1.jar
Launcher Type: SUN_STANDARD

[Global flags]
     intx CICompilerCount                          = 3                                         {product} {ergonomic}
     uint ConcGCThreads                            = 1                                         {product} {ergonomic}
     uint G1ConcRefinementThreads                  = 4                                         {product} {ergonomic}
   size_t G1HeapRegionSize                         = 1048576                                   {product} {ergonomic}
    uintx GCDrainStackTargetSize                   = 64                                        {product} {ergonomic}
   size_t InitialHeapSize                          = 134217728                                 {product} {ergonomic}
   size_t MarkStackSize                            = 4194304                                   {product} {ergonomic}
   size_t MaxHeapSize                              = 2147483648                                {product} {command line}
   size_t MaxNewSize                               = 1287651328                                {product} {ergonomic}
   size_t MinHeapDeltaBytes                        = 1048576                                   {product} {ergonomic}
    uintx NonNMethodCodeHeapSize                   = 5830732                                {pd product} {ergonomic}
    uintx NonProfiledCodeHeapSize                  = 122913754                              {pd product} {ergonomic}
    uintx ProfiledCodeHeapSize                     = 122913754                              {pd product} {ergonomic}
    uintx ReservedCodeCacheSize                    = 251658240                              {pd product} {ergonomic}
     bool SegmentedCodeCache                       = true                                      {product} {ergonomic}
     bool UseCompressedClassPointers               = true                                 {lp64_product} {ergonomic}
     bool UseCompressedOops                        = true                                 {lp64_product} {ergonomic}
     bool UseG1GC                                  = true                                      {product} {ergonomic}
     bool UseLargePagesIndividualAllocation        = false                                  {pd product} {ergonomic}

Logging:
Log output configuration:
 #0: stdout all=warning uptime,level,tags
 #1: stderr all=off uptime,level,tags

Environment Variables:
CLASSPATH=C:\xampp\tomcat\lib\servlet-api.jar
PATH=C:\Program Files\AdoptOpenJDK\jdk-11.0.11.9-hotspot\bin;C:\Program Files (x86)\Common Files\Intel\Shared Libraries\redist\intel64\compiler;C:\ProgramData\Oracle\Java\javapath;C:\Program Files (x86)\Intel\Intel(R) Management Engine Components\iCLS\;C:\Program Files\Intel\Intel(R) Management Engine Components\iCLS\;C:\WINDOWS\system32;C:\WINDOWS;C:\WINDOWS\System32\Wbem;C:\WINDOWS\System32\WindowsPowerShell\v1.0\;C:\WINDOWS\System32\OpenSSH\;C:\Program Files (x86)\Intel\Intel(R) Management Engine Components\DAL;C:\Program Files\Intel\Intel(R) Management Engine Components\DAL;C:\Program Files (x86)\Intel\Intel(R) Management Engine Components\IPT;C:\Program Files\Intel\Intel(R) Management Engine Components\IPT;C:\Program Files\Git\cmd;D:\php;C:\Apache24\bin;C:\Program Files\dotnet\;C:\Program Files (x86)\Microsoft SQL Server\150\DTS\Binn\;C:\Program Files\Microsoft SQL Server\Client SDK\ODBC\170\Tools\Binn\;C:\Program Files (x86)\Microsoft SQL Server\150\Tools\Binn\;C:\Program Files\Microsoft SQL Server\150\Tools\Binn\;C:\Program Files\Microsoft SQL Server\150\DTS\Binn\;C:\Users\welcome\AppData\Local\Programs\Python\Python37\Scripts\;C:\Users\welcome\AppData\Local\Programs\Python\Python37\;C:\Users\welcome\AppData\Local\Programs\Python\Python38-32\Scripts\;C:\Users\welcome\AppData\Local\Programs\Python\Python38-32\;C:\Users\welcome\AppData\Local\Microsoft\WindowsApps;C:\Users\welcome\AppData\Local\GitHubDesktop\bin;C:\Users\welcome\AppData\Local\Programs\Microsoft VS Code\bin;C:\Users\welcome\.dotnet\tools;C:\flutter\bin;C:\Users\welcome\AppData\Local\Microsoft\WindowsApps;C:\Users\welcome\AppData\Local\atom\bin
USERNAME=welcome
OS=Windows_NT
PROCESSOR_IDENTIFIER=Intel64 Family 6 Model 142 Stepping 9, GenuineIntel



---------------  S Y S T E M  ---------------

OS: Windows 10 , 64 bit Build 19041 (10.0.19041.1023)
OS uptime: 0 days 1:10 hours

CPU:total 4 (initial active 4) (2 cores per cpu, 2 threads per core) family 6 model 142 stepping 9, cmov, cx8, fxsr, mmx, sse, sse2, sse3, ssse3, sse4.1, sse4.2, popcnt, avx, avx2, aes, clmul, erms, 3dnowpref, lzcnt, ht, tsc, tscinvbit, bmi1, bmi2, adx, fma

Memory: 4k page, system-wide physical 8074M (357M free)
TotalPageFile size 8074M (AvailPageFile size 5M)
current process WorkingSet (physical memory assigned to process): 246M, peak: 247M
current process commit charge ("private bytes"): 303M, peak: 305M

vm_info: OpenJDK 64-Bit Server VM (11.0.8+10-b944.6842174) for windows-amd64 JRE (11.0.8+10-b944.6842174), built on Sep 19 2020 01:11:42 by "builder" with MS VC++ 14.0 (VS2015)

END.
